app/build/intermediates/manifest_merge_blame_file/release/manifest-merger-blame-release-report.txt
1<?xml version="1.0" encoding="utf-8"?>
2<manifest xmlns:android="http://schemas.android.com/apk/res/android"
3    package="com.joe.jetpackdemo"
4    android:versionCode="1"
5    android:versionName="1.0" >
6
7    <uses-sdk
8        android:minSdkVersion="21"
8-->src\main\AndroidManifest.xml
9        android:targetSdkVersion="28" />
9-->src\main\AndroidManifest.xml
10
11    <uses-permission android:name="android.permission.INTERNET" />
11-->src\main\AndroidManifest.xml:6:5-67
11-->src\main\AndroidManifest.xml:6:22-64
12    <uses-permission android:name="android.permission.READ_EXTERNAL_STORAGE" />
12-->src\main\AndroidManifest.xml:7:5-80
12-->src\main\AndroidManifest.xml:7:22-77
13    <uses-permission android:name="android.permission.WRITE_EXTERNAL_STORAGE" /> <!-- Declare features -->
13-->src\main\AndroidManifest.xml:8:5-81
13-->src\main\AndroidManifest.xml:8:22-78
14    <uses-feature android:name="android.hardware.camera" />
14-->src\main\AndroidManifest.xml:9:5-60
14-->src\main\AndroidManifest.xml:9:19-57
15
16    <uses-permission android:name="android.permission.CAMERA" />
16-->src\main\AndroidManifest.xml:11:5-65
16-->src\main\AndroidManifest.xml:11:22-62
17    <uses-permission android:name="android.permission.WAKE_LOCK" />
17-->[androidx.work:work-runtime:2.0.1] AndroidManifest.xml:23:5-68
17-->[androidx.work:work-runtime:2.0.1] AndroidManifest.xml:23:22-65
18    <uses-permission android:name="android.permission.ACCESS_NETWORK_STATE" />
18-->[androidx.work:work-runtime:2.0.1] AndroidManifest.xml:24:5-79
18-->[androidx.work:work-runtime:2.0.1] AndroidManifest.xml:24:22-76
19    <uses-permission android:name="android.permission.RECEIVE_BOOT_COMPLETED" />
19-->[androidx.work:work-runtime:2.0.1] AndroidManifest.xml:25:5-81
19-->[androidx.work:work-runtime:2.0.1] AndroidManifest.xml:25:22-78
20    <uses-permission android:name="android.permission.MOUNT_UNMOUNT_FILESYSTEMS" />
20-->[com.wenwenwen888:searchbox:1.0.1] AndroidManifest.xml:12:5-84
20-->[com.wenwenwen888:searchbox:1.0.1] AndroidManifest.xml:12:22-81
21
22    <application
22-->src\main\AndroidManifest.xml:13:5-43:19
23        android:name="com.joe.jetpackdemo.common.BaseApplication"
23-->src\main\AndroidManifest.xml:14:9-47
24        android:allowBackup="true"
24-->src\main\AndroidManifest.xml:15:9-35
25        android:appComponentFactory="androidx.core.app.CoreComponentFactory"
25-->[androidx.core:core:1.3.1] AndroidManifest.xml:24:18-86
26        android:icon="@mipmap/ic_launcher"
26-->src\main\AndroidManifest.xml:16:9-43
27        android:label="@string/app_name"
27-->src\main\AndroidManifest.xml:17:9-41
28        android:roundIcon="@mipmap/ic_launcher_round"
28-->src\main\AndroidManifest.xml:18:9-54
29        android:supportsRtl="true"
29-->src\main\AndroidManifest.xml:19:9-35
30        android:theme="@style/AppTheme" >
30-->src\main\AndroidManifest.xml:20:9-40
31        <activity android:name="com.joe.jetpackdemo.ui.activity.LoginActivity" >
31-->src\main\AndroidManifest.xml:22:9-27:20
31-->src\main\AndroidManifest.xml:22:19-60
32            <intent-filter>
32-->src\main\AndroidManifest.xml:23:13-26:29
33                <action android:name="android.intent.action.MAIN" />
33-->src\main\AndroidManifest.xml:24:17-69
33-->src\main\AndroidManifest.xml:24:25-66
34
35                <category android:name="android.intent.category.LAUNCHER" />
35-->src\main\AndroidManifest.xml:25:17-77
35-->src\main\AndroidManifest.xml:25:27-74
36            </intent-filter>
37        </activity>
38        <activity android:name="com.joe.jetpackdemo.ui.activity.MainActivity" />
38-->src\main\AndroidManifest.xml:28:9-61
38-->src\main\AndroidManifest.xml:28:19-59
39        <activity android:name="com.joe.jetpackdemo.ui.activity.SignActivity" />
39-->src\main\AndroidManifest.xml:29:9-61
39-->src\main\AndroidManifest.xml:29:19-59
40
41        <provider
41-->src\main\AndroidManifest.xml:31:9-42:20
42            android:name="androidx.startup.InitializationProvider"
42-->src\main\AndroidManifest.xml:32:13-67
43            android:authorities="com.joe.jetpackdemo.androidx-startup"
43-->src\main\AndroidManifest.xml:33:13-71
44            android:exported="false" >
44-->src\main\AndroidManifest.xml:34:13-37
45        </provider>
46        <provider
46-->[androidx.work:work-runtime:2.0.1] AndroidManifest.xml:28:9-34:35
47            android:name="androidx.work.impl.WorkManagerInitializer"
47-->[androidx.work:work-runtime:2.0.1] AndroidManifest.xml:29:13-69
48            android:authorities="com.joe.jetpackdemo.workmanager-init"
48-->[androidx.work:work-runtime:2.0.1] AndroidManifest.xml:30:13-68
49            android:directBootAware="false"
49-->[androidx.work:work-runtime:2.0.1] AndroidManifest.xml:31:13-44
50            android:exported="false"
50-->[androidx.work:work-runtime:2.0.1] AndroidManifest.xml:32:13-37
51            android:multiprocess="true" />
51-->[androidx.work:work-runtime:2.0.1] AndroidManifest.xml:33:13-40
52
53        <service
53-->[androidx.work:work-runtime:2.0.1] AndroidManifest.xml:36:9-41:35
54            android:name="androidx.work.impl.background.systemalarm.SystemAlarmService"
54-->[androidx.work:work-runtime:2.0.1] AndroidManifest.xml:37:13-88
55            android:directBootAware="false"
55-->[androidx.work:work-runtime:2.0.1] AndroidManifest.xml:38:13-44
56            android:enabled="@bool/enable_system_alarm_service_default"
56-->[androidx.work:work-runtime:2.0.1] AndroidManifest.xml:39:13-72
57            android:exported="false" />
57-->[androidx.work:work-runtime:2.0.1] AndroidManifest.xml:40:13-37
58        <service
58-->[androidx.work:work-runtime:2.0.1] AndroidManifest.xml:42:9-48:35
59            android:name="androidx.work.impl.background.systemjob.SystemJobService"
59-->[androidx.work:work-runtime:2.0.1] AndroidManifest.xml:43:13-84
60            android:directBootAware="false"
60-->[androidx.work:work-runtime:2.0.1] AndroidManifest.xml:44:13-44
61            android:enabled="@bool/enable_system_job_service_default"
61-->[androidx.work:work-runtime:2.0.1] AndroidManifest.xml:45:13-70
62            android:exported="true"
62-->[androidx.work:work-runtime:2.0.1] AndroidManifest.xml:46:13-36
63            android:permission="android.permission.BIND_JOB_SERVICE" />
63-->[androidx.work:work-runtime:2.0.1] AndroidManifest.xml:47:13-69
64
65        <receiver
65-->[androidx.work:work-runtime:2.0.1] AndroidManifest.xml:50:9-55:35
66            android:name="androidx.work.impl.utils.ForceStopRunnable$BroadcastReceiver"
66-->[androidx.work:work-runtime:2.0.1] AndroidManifest.xml:51:13-88
67            android:directBootAware="false"
67-->[androidx.work:work-runtime:2.0.1] AndroidManifest.xml:52:13-44
68            android:enabled="true"
68-->[androidx.work:work-runtime:2.0.1] AndroidManifest.xml:53:13-35
69            android:exported="false" />
69-->[androidx.work:work-runtime:2.0.1] AndroidManifest.xml:54:13-37
70        <receiver
70-->[androidx.work:work-runtime:2.0.1] AndroidManifest.xml:56:9-66:20
71            android:name="androidx.work.impl.background.systemalarm.ConstraintProxy$BatteryChargingProxy"
71-->[androidx.work:work-runtime:2.0.1] AndroidManifest.xml:57:13-106
72            android:directBootAware="false"
72-->[androidx.work:work-runtime:2.0.1] AndroidManifest.xml:58:13-44
73            android:enabled="false"
73-->[androidx.work:work-runtime:2.0.1] AndroidManifest.xml:59:13-36
74            android:exported="false" >
74-->[androidx.work:work-runtime:2.0.1] AndroidManifest.xml:60:13-37
75            <intent-filter>
75-->[androidx.work:work-runtime:2.0.1] AndroidManifest.xml:62:13-65:29
76                <action android:name="android.intent.action.ACTION_POWER_CONNECTED" />
76-->[androidx.work:work-runtime:2.0.1] AndroidManifest.xml:63:17-87
76-->[androidx.work:work-runtime:2.0.1] AndroidManifest.xml:63:25-84
77                <action android:name="android.intent.action.ACTION_POWER_DISCONNECTED" />
77-->[androidx.work:work-runtime:2.0.1] AndroidManifest.xml:64:17-90
77-->[androidx.work:work-runtime:2.0.1] AndroidManifest.xml:64:25-87
78            </intent-filter>
79        </receiver>
80        <receiver
80-->[androidx.work:work-runtime:2.0.1] AndroidManifest.xml:67:9-77:20
81            android:name="androidx.work.impl.background.systemalarm.ConstraintProxy$BatteryNotLowProxy"
81-->[androidx.work:work-runtime:2.0.1] AndroidManifest.xml:68:13-104
82            android:directBootAware="false"
82-->[androidx.work:work-runtime:2.0.1] AndroidManifest.xml:69:13-44
83            android:enabled="false"
83-->[androidx.work:work-runtime:2.0.1] AndroidManifest.xml:70:13-36
84            android:exported="false" >
84-->[androidx.work:work-runtime:2.0.1] AndroidManifest.xml:71:13-37
85            <intent-filter>
85-->[androidx.work:work-runtime:2.0.1] AndroidManifest.xml:73:13-76:29
86                <action android:name="android.intent.action.BATTERY_OKAY" />
86-->[androidx.work:work-runtime:2.0.1] AndroidManifest.xml:74:17-77
86-->[androidx.work:work-runtime:2.0.1] AndroidManifest.xml:74:25-74
87                <action android:name="android.intent.action.BATTERY_LOW" />
87-->[androidx.work:work-runtime:2.0.1] AndroidManifest.xml:75:17-76
87-->[androidx.work:work-runtime:2.0.1] AndroidManifest.xml:75:25-73
88            </intent-filter>
89        </receiver>
90        <receiver
90-->[androidx.work:work-runtime:2.0.1] AndroidManifest.xml:78:9-88:20
91            android:name="androidx.work.impl.background.systemalarm.ConstraintProxy$StorageNotLowProxy"
91-->[androidx.work:work-runtime:2.0.1] AndroidManifest.xml:79:13-104
92            android:directBootAware="false"
92-->[androidx.work:work-runtime:2.0.1] AndroidManifest.xml:80:13-44
93            android:enabled="false"
93-->[androidx.work:work-runtime:2.0.1] AndroidManifest.xml:81:13-36
94            android:exported="false" >
94-->[androidx.work:work-runtime:2.0.1] AndroidManifest.xml:82:13-37
95            <intent-filter>
95-->[androidx.work:work-runtime:2.0.1] AndroidManifest.xml:84:13-87:29
96                <action android:name="android.intent.action.DEVICE_STORAGE_LOW" />
96-->[androidx.work:work-runtime:2.0.1] AndroidManifest.xml:85:17-83
96-->[androidx.work:work-runtime:2.0.1] AndroidManifest.xml:85:25-80
97                <action android:name="android.intent.action.DEVICE_STORAGE_OK" />
97-->[androidx.work:work-runtime:2.0.1] AndroidManifest.xml:86:17-82
97-->[androidx.work:work-runtime:2.0.1] AndroidManifest.xml:86:25-79
98            </intent-filter>
99        </receiver>
100        <receiver
100-->[androidx.work:work-runtime:2.0.1] AndroidManifest.xml:89:9-98:20
101            android:name="androidx.work.impl.background.systemalarm.ConstraintProxy$NetworkStateProxy"
101-->[androidx.work:work-runtime:2.0.1] AndroidManifest.xml:90:13-103
102            android:directBootAware="false"
102-->[androidx.work:work-runtime:2.0.1] AndroidManifest.xml:91:13-44
103            android:enabled="false"
103-->[androidx.work:work-runtime:2.0.1] AndroidManifest.xml:92:13-36
104            android:exported="false" >
104-->[androidx.work:work-runtime:2.0.1] AndroidManifest.xml:93:13-37
105            <intent-filter>
105-->[androidx.work:work-runtime:2.0.1] AndroidManifest.xml:95:13-97:29
106                <action android:name="android.net.conn.CONNECTIVITY_CHANGE" />
106-->[androidx.work:work-runtime:2.0.1] AndroidManifest.xml:96:17-79
106-->[androidx.work:work-runtime:2.0.1] AndroidManifest.xml:96:25-76
107            </intent-filter>
108        </receiver>
109        <receiver
109-->[androidx.work:work-runtime:2.0.1] AndroidManifest.xml:99:9-110:20
110            android:name="androidx.work.impl.background.systemalarm.RescheduleReceiver"
110-->[androidx.work:work-runtime:2.0.1] AndroidManifest.xml:100:13-88
111            android:directBootAware="false"
111-->[androidx.work:work-runtime:2.0.1] AndroidManifest.xml:101:13-44
112            android:enabled="false"
112-->[androidx.work:work-runtime:2.0.1] AndroidManifest.xml:102:13-36
113            android:exported="false" >
113-->[androidx.work:work-runtime:2.0.1] AndroidManifest.xml:103:13-37
114            <intent-filter>
114-->[androidx.work:work-runtime:2.0.1] AndroidManifest.xml:105:13-109:29
115                <action android:name="android.intent.action.BOOT_COMPLETED" />
115-->[androidx.work:work-runtime:2.0.1] AndroidManifest.xml:106:17-79
115-->[androidx.work:work-runtime:2.0.1] AndroidManifest.xml:106:25-76
116                <action android:name="android.intent.action.TIME_SET" />
116-->[androidx.work:work-runtime:2.0.1] AndroidManifest.xml:107:17-73
116-->[androidx.work:work-runtime:2.0.1] AndroidManifest.xml:107:25-70
117                <action android:name="android.intent.action.TIMEZONE_CHANGED" />
117-->[androidx.work:work-runtime:2.0.1] AndroidManifest.xml:108:17-81
117-->[androidx.work:work-runtime:2.0.1] AndroidManifest.xml:108:25-78
118            </intent-filter>
119        </receiver>
120        <receiver
120-->[androidx.work:work-runtime:2.0.1] AndroidManifest.xml:111:9-120:20
121            android:name="androidx.work.impl.background.systemalarm.ConstraintProxyUpdateReceiver"
121-->[androidx.work:work-runtime:2.0.1] AndroidManifest.xml:112:13-99
122            android:directBootAware="false"
122-->[androidx.work:work-runtime:2.0.1] AndroidManifest.xml:113:13-44
123            android:enabled="@bool/enable_system_alarm_service_default"
123-->[androidx.work:work-runtime:2.0.1] AndroidManifest.xml:114:13-72
124            android:exported="false" >
124-->[androidx.work:work-runtime:2.0.1] AndroidManifest.xml:115:13-37
125            <intent-filter>
125-->[androidx.work:work-runtime:2.0.1] AndroidManifest.xml:117:13-119:29
126                <action android:name="androidx.work.impl.background.systemalarm.UpdateProxies" />
126-->[androidx.work:work-runtime:2.0.1] AndroidManifest.xml:118:17-98
126-->[androidx.work:work-runtime:2.0.1] AndroidManifest.xml:118:25-95
127            </intent-filter>
128        </receiver>
129
130        <service
130-->[androidx.room:room-runtime:2.3.0-alpha03] AndroidManifest.xml:25:9-28:40
131            android:name="androidx.room.MultiInstanceInvalidationService"
131-->[androidx.room:room-runtime:2.3.0-alpha03] AndroidManifest.xml:26:13-74
132            android:directBootAware="true"
132-->[androidx.room:room-runtime:2.3.0-alpha03] AndroidManifest.xml:27:13-43
133            android:exported="false" />
133-->[androidx.room:room-runtime:2.3.0-alpha03] AndroidManifest.xml:28:13-37
134
135        <provider
135-->[androidx.lifecycle:lifecycle-process:2.2.0-alpha01] AndroidManifest.xml:23:9-27:43
136            android:name="androidx.lifecycle.ProcessLifecycleOwnerInitializer"
136-->[androidx.lifecycle:lifecycle-process:2.2.0-alpha01] AndroidManifest.xml:24:13-79
137            android:authorities="com.joe.jetpackdemo.lifecycle-process"
137-->[androidx.lifecycle:lifecycle-process:2.2.0-alpha01] AndroidManifest.xml:25:13-69
138            android:exported="false"
138-->[androidx.lifecycle:lifecycle-process:2.2.0-alpha01] AndroidManifest.xml:26:13-37
139            android:multiprocess="true" />
139-->[androidx.lifecycle:lifecycle-process:2.2.0-alpha01] AndroidManifest.xml:27:13-40
140    </application>
141
142</manifest>